0 info it worked if it ends with ok
1 verbose cli [ '/usr/local/bin/node', '/usr/local/bin/npm', 'start' ]
2 info using npm@4.0.3
3 info using node@v7.2.1
4 verbose run-script [ 'prestart', 'start', 'poststart' ]
5 info lifecycle platzigram@0.1.0~prestart: platzigram@0.1.0
6 silly lifecycle platzigram@0.1.0~prestart: no script for prestart, continuing
7 info lifecycle platzigram@0.1.0~start: platzigram@0.1.0
8 verbose lifecycle platzigram@0.1.0~start: unsafe-perm in lifecycle true
9 verbose lifecycle platzigram@0.1.0~start: PATH: /usr/local/lib/node_modules/npm/bin/node-gyp-bin:/Users/mmadrid/Desktop/platzigram/node_modules/.bin:/Applications/oracle/product/instantclient_64/11.2.0.4.0/bin:/Users/mmadrid/.rvm/gems/ruby-2.1.1/bin:/Users/mmadrid/.rvm/gems/ruby-2.1.1@global/bin:/Users/mmadrid/.rvm/rubies/ruby-2.1.1/bin:./bin:/usr/local/bin:/usr/local:/usr/bin:/bin:/usr/sbin:/sbin:/usr/local/mysql/bin:/Users/mmadrid/.rvm/bin
10 verbose lifecycle platzigram@0.1.0~start: CWD: /Users/mmadrid/Desktop/platzigram
11 silly lifecycle platzigram@0.1.0~start: Args: [ '-c', 'gulp watch & node server.js' ]
12 silly lifecycle platzigram@0.1.0~start: Returned: code: 1  signal: null
13 info lifecycle platzigram@0.1.0~start: Failed to exec start script
14 verbose stack Error: platzigram@0.1.0 start: `gulp watch & node server.js`
14 verbose stack Exit status 1
14 verbose stack     at EventEmitter.<anonymous> (/usr/local/lib/node_modules/npm/lib/utils/lifecycle.js:279:16)
14 verbose stack     at emitTwo (events.js:106:13)
14 verbose stack     at EventEmitter.emit (events.js:191:7)
14 verbose stack     at ChildProcess.<anonymous> (/usr/local/lib/node_modules/npm/lib/utils/spawn.js:40:14)
14 verbose stack     at emitTwo (events.js:106:13)
14 verbose stack     at ChildProcess.emit (events.js:191:7)
14 verbose stack     at maybeClose (internal/child_process.js:885:16)
14 verbose stack     at Process.ChildProcess._handle.onexit (internal/child_process.js:226:5)
15 verbose pkgid platzigram@0.1.0
16 verbose cwd /Users/mmadrid/Desktop/platzigram
17 error Darwin 16.6.0
18 error argv "/usr/local/bin/node" "/usr/local/bin/npm" "start"
19 error node v7.2.1
20 error npm  v4.0.3
21 error code ELIFECYCLE
22 error platzigram@0.1.0 start: `gulp watch & node server.js`
22 error Exit status 1
23 error Failed at the platzigram@0.1.0 start script 'gulp watch & node server.js'.
23 error Make sure you have the latest version of node.js and npm installed.
23 error If you do, this is most likely a problem with the platzigram package,
23 error not with npm itself.
23 error Tell the author that this fails on your system:
23 error     gulp watch & node server.js
23 error You can get information on how to open an issue for this project with:
23 error     npm bugs platzigram
23 error Or if that isn't available, you can get their info via:
23 error     npm owner ls platzigram
23 error There is likely additional logging output above.
24 verbose exit [ 1, true ]
